{"C:\\Users\\USER\\OneDrive\\Documents\\Microverse\\Module 2\\Week 2\\to-do-list\\src\\modules\\crud.js": {"path":"C:\\Users\\USER\\OneDrive\\Documents\\Microverse\\Module 2\\Week 2\\to-do-list\\src\\modules\\crud.js","statementMap":{"0":{"start":{"line":2,"column":25},"end":{"line":2,"column":65}},"1":{"start":{"line":3,"column":18},"end":{"line":3,"column":54}},"2":{"start":{"line":5,"column":13},"end":{"line":143,"column":1}},"3":{"start":{"line":7,"column":4},"end":{"line":7,"column":35}},"4":{"start":{"line":8,"column":4},"end":{"line":8,"column":31}},"5":{"start":{"line":9,"column":4},"end":{"line":9,"column":23}},"6":{"start":{"line":10,"column":4},"end":{"line":21,"column":6}},"7":{"start":{"line":24,"column":18},"end":{"line":31,"column":3}},"8":{"start":{"line":25,"column":12},"end":{"line":25,"column":13}},"9":{"start":{"line":26,"column":4},"end":{"line":29,"column":7}},"10":{"start":{"line":27,"column":6},"end":{"line":27,"column":13}},"11":{"start":{"line":28,"column":6},"end":{"line":28,"column":21}},"12":{"start":{"line":30,"column":4},"end":{"line":30,"column":67}},"13":{"start":{"line":33,"column":12},"end":{"line":37,"column":3}},"14":{"start":{"line":34,"column":4},"end":{"line":34,"column":29}},"15":{"start":{"line":35,"column":4},"end":{"line":35,"column":25}},"16":{"start":{"line":36,"column":4},"end":{"line":36,"column":21}},"17":{"start":{"line":40,"column":19},"end":{"line":40,"column":55}},"18":{"start":{"line":40,"column":44},"end":{"line":40,"column":54}},"19":{"start":{"line":41,"column":4},"end":{"line":41,"column":24}},"20":{"start":{"line":42,"column":4},"end":{"line":42,"column":25}},"21":{"start":{"line":45,"column":14},"end":{"line":142,"column":3}},"22":{"start":{"line":46,"column":4},"end":{"line":46,"column":29}},"23":{"start":{"line":47,"column":4},"end":{"line":139,"column":7}},"24":{"start":{"line":48,"column":17},"end":{"line":48,"column":45}},"25":{"start":{"line":49,"column":26},"end":{"line":49,"column":55}},"26":{"start":{"line":50,"column":23},"end":{"line":50,"column":54}},"27":{"start":{"line":51,"column":32},"end":{"line":51,"column":61}},"28":{"start":{"line":52,"column":6},"end":{"line":52,"column":59}},"29":{"start":{"line":53,"column":20},"end":{"line":53,"column":51}},"30":{"start":{"line":54,"column":19},"end":{"line":54,"column":48}},"31":{"start":{"line":55,"column":24},"end":{"line":55,"column":55}},"32":{"start":{"line":56,"column":6},"end":{"line":56,"column":53}},"33":{"start":{"line":57,"column":6},"end":{"line":57,"column":42}},"34":{"start":{"line":58,"column":6},"end":{"line":58,"column":47}},"35":{"start":{"line":59,"column":6},"end":{"line":59,"column":58}},"36":{"start":{"line":60,"column":23},"end":{"line":60,"column":58}},"37":{"start":{"line":61,"column":25},"end":{"line":61,"column":59}},"38":{"start":{"line":62,"column":6},"end":{"line":62,"column":41}},"39":{"start":{"line":63,"column":6},"end":{"line":63,"column":33}},"40":{"start":{"line":64,"column":6},"end":{"line":64,"column":41}},"41":{"start":{"line":65,"column":6},"end":{"line":65,"column":41}},"42":{"start":{"line":66,"column":6},"end":{"line":66,"column":40}},"43":{"start":{"line":68,"column":6},"end":{"line":70,"column":7}},"44":{"start":{"line":69,"column":8},"end":{"line":69,"column":52}},"45":{"start":{"line":72,"column":6},"end":{"line":79,"column":9}},"46":{"start":{"line":73,"column":8},"end":{"line":73,"column":38}},"47":{"start":{"line":74,"column":8},"end":{"line":74,"column":45}},"48":{"start":{"line":75,"column":8},"end":{"line":75,"column":36}},"49":{"start":{"line":76,"column":8},"end":{"line":76,"column":36}},"50":{"start":{"line":77,"column":8},"end":{"line":77,"column":38}},"51":{"start":{"line":78,"column":8},"end":{"line":78,"column":26}},"52":{"start":{"line":81,"column":6},"end":{"line":85,"column":9}},"53":{"start":{"line":82,"column":8},"end":{"line":82,"column":29}},"54":{"start":{"line":83,"column":8},"end":{"line":83,"column":36}},"55":{"start":{"line":84,"column":8},"end":{"line":84,"column":38}},"56":{"start":{"line":87,"column":6},"end":{"line":93,"column":9}},"57":{"start":{"line":88,"column":8},"end":{"line":88,"column":42}},"58":{"start":{"line":89,"column":8},"end":{"line":89,"column":43}},"59":{"start":{"line":90,"column":8},"end":{"line":90,"column":29}},"60":{"start":{"line":91,"column":8},"end":{"line":91,"column":36}},"61":{"start":{"line":92,"column":8},"end":{"line":92,"column":38}},"62":{"start":{"line":95,"column":6},"end":{"line":103,"column":9}},"63":{"start":{"line":96,"column":8},"end":{"line":96,"column":41}},"64":{"start":{"line":97,"column":8},"end":{"line":97,"column":42}},"65":{"start":{"line":98,"column":8},"end":{"line":98,"column":39}},"66":{"start":{"line":99,"column":8},"end":{"line":102,"column":16}},"67":{"start":{"line":100,"column":10},"end":{"line":100,"column":38}},"68":{"start":{"line":101,"column":10},"end":{"line":101,"column":37}},"69":{"start":{"line":105,"column":6},"end":{"line":115,"column":9}},"70":{"start":{"line":106,"column":8},"end":{"line":114,"column":9}},"71":{"start":{"line":107,"column":10},"end":{"line":107,"column":54}},"72":{"start":{"line":108,"column":10},"end":{"line":108,"column":44}},"73":{"start":{"line":109,"column":10},"end":{"line":109,"column":31}},"74":{"start":{"line":111,"column":10},"end":{"line":111,"column":46}},"75":{"start":{"line":112,"column":10},"end":{"line":112,"column":44}},"76":{"start":{"line":113,"column":10},"end":{"line":113,"column":31}},"77":{"start":{"line":117,"column":6},"end":{"line":122,"column":9}},"78":{"start":{"line":118,"column":8},"end":{"line":121,"column":9}},"79":{"start":{"line":119,"column":10},"end":{"line":119,"column":32}},"80":{"start":{"line":120,"column":10},"end":{"line":120,"column":36}},"81":{"start":{"line":124,"column":6},"end":{"line":131,"column":9}},"82":{"start":{"line":125,"column":8},"end":{"line":130,"column":9}},"83":{"start":{"line":126,"column":10},"end":{"line":126,"column":27}},"84":{"start":{"line":127,"column":10},"end":{"line":127,"column":44}},"85":{"start":{"line":128,"column":10},"end":{"line":128,"column":43}},"86":{"start":{"line":129,"column":10},"end":{"line":129,"column":41}},"87":{"start":{"line":133,"column":6},"end":{"line":133,"column":59}},"88":{"start":{"line":134,"column":6},"end":{"line":134,"column":50}},"89":{"start":{"line":136,"column":6},"end":{"line":136,"column":34}},"90":{"start":{"line":137,"column":6},"end":{"line":137,"column":32}},"91":{"start":{"line":138,"column":6},"end":{"line":138,"column":23}},"92":{"start":{"line":140,"column":4},"end":{"line":140,"column":44}},"93":{"start":{"line":141,"column":4},"end":{"line":141,"column":28}}},"fnMap":{"0":{"name":"(anonymous_0)","decl":{"start":{"line":6,"column":2},"end":{"line":6,"column":3}},"loc":{"start":{"line":6,"column":57},"end":{"line":22,"column":3}},"line":6},"1":{"name":"(anonymous_1)","decl":{"start":{"line":24,"column":18},"end":{"line":24,"column":19}},"loc":{"start":{"line":24,"column":24},"end":{"line":31,"column":3}},"line":24},"2":{"name":"(anonymous_2)","decl":{"start":{"line":26,"column":23},"end":{"line":26,"column":24}},"loc":{"start":{"line":26,"column":33},"end":{"line":29,"column":5}},"line":26},"3":{"name":"(anonymous_3)","decl":{"start":{"line":33,"column":12},"end":{"line":33,"column":13}},"loc":{"start":{"line":33,"column":25},"end":{"line":37,"column":3}},"line":33},"4":{"name":"(anonymous_4)","decl":{"start":{"line":39,"column":2},"end":{"line":39,"column":3}},"loc":{"start":{"line":39,"column":19},"end":{"line":43,"column":3}},"line":39},"5":{"name":"(anonymous_5)","decl":{"start":{"line":40,"column":37},"end":{"line":40,"column":38}},"loc":{"start":{"line":40,"column":44},"end":{"line":40,"column":54}},"line":40},"6":{"name":"(anonymous_6)","decl":{"start":{"line":45,"column":14},"end":{"line":45,"column":15}},"loc":{"start":{"line":45,"column":20},"end":{"line":142,"column":3}},"line":45},"7":{"name":"(anonymous_7)","decl":{"start":{"line":47,"column":19},"end":{"line":47,"column":20}},"loc":{"start":{"line":47,"column":29},"end":{"line":139,"column":5}},"line":47},"8":{"name":"(anonymous_8)","decl":{"start":{"line":72,"column":38},"end":{"line":72,"column":39}},"loc":{"start":{"line":72,"column":44},"end":{"line":79,"column":7}},"line":72},"9":{"name":"(anonymous_9)","decl":{"start":{"line":81,"column":42},"end":{"line":81,"column":43}},"loc":{"start":{"line":81,"column":48},"end":{"line":85,"column":7}},"line":81},"10":{"name":"(anonymous_10)","decl":{"start":{"line":87,"column":43},"end":{"line":87,"column":44}},"loc":{"start":{"line":87,"column":50},"end":{"line":93,"column":7}},"line":87},"11":{"name":"(anonymous_11)","decl":{"start":{"line":95,"column":41},"end":{"line":95,"column":42}},"loc":{"start":{"line":95,"column":47},"end":{"line":103,"column":7}},"line":95},"12":{"name":"(anonymous_12)","decl":{"start":{"line":99,"column":19},"end":{"line":99,"column":20}},"loc":{"start":{"line":99,"column":25},"end":{"line":102,"column":9}},"line":99},"13":{"name":"(anonymous_13)","decl":{"start":{"line":105,"column":41},"end":{"line":105,"column":42}},"loc":{"start":{"line":105,"column":47},"end":{"line":115,"column":7}},"line":105},"14":{"name":"(anonymous_14)","decl":{"start":{"line":117,"column":37},"end":{"line":117,"column":38}},"loc":{"start":{"line":117,"column":43},"end":{"line":122,"column":7}},"line":117},"15":{"name":"(anonymous_15)","decl":{"start":{"line":124,"column":35},"end":{"line":124,"column":36}},"loc":{"start":{"line":124,"column":42},"end":{"line":131,"column":7}},"line":124}},"branchMap":{"0":{"loc":{"start":{"line":6,"column":27},"end":{"line":6,"column":44}},"type":"default-arg","locations":[{"start":{"line":6,"column":39},"end":{"line":6,"column":44}}],"line":6},"1":{"loc":{"start":{"line":6,"column":46},"end":{"line":6,"column":55}},"type":"default-arg","locations":[{"start":{"line":6,"column":54},"end":{"line":6,"column":55}}],"line":6},"2":{"loc":{"start":{"line":68,"column":6},"end":{"line":70,"column":7}},"type":"if","locations":[{"start":{"line":68,"column":6},"end":{"line":70,"column":7}},{"start":{},"end":{}}],"line":68},"3":{"loc":{"start":{"line":106,"column":8},"end":{"line":114,"column":9}},"type":"if","locations":[{"start":{"line":106,"column":8},"end":{"line":114,"column":9}},{"start":{"line":110,"column":15},"end":{"line":114,"column":9}}],"line":106},"4":{"loc":{"start":{"line":118,"column":8},"end":{"line":121,"column":9}},"type":"if","locations":[{"start":{"line":118,"column":8},"end":{"line":121,"column":9}},{"start":{},"end":{}}],"line":118},"5":{"loc":{"start":{"line":125,"column":8},"end":{"line":130,"column":9}},"type":"if","locations":[{"start":{"line":125,"column":8},"end":{"line":130,"column":9}},{"start":{},"end":{}}],"line":125}},"s":{"0":1,"1":1,"2":1,"3":1,"4":1,"5":1,"6":1,"7":1,"8":1,"9":1,"10":3,"11":3,"12":1,"13":1,"14":1,"15":1,"16":1,"17":0,"18":0,"19":0,"20":0,"21":1,"22":1,"23":0,"24":0,"25":0,"26":0,"27":0,"28":0,"29":0,"30":0,"31":0,"32":0,"33":0,"34":0,"35":0,"36":0,"37":0,"38":0,"39":0,"40":0,"41":0,"42":0,"43":0,"44":0,"45":0,"46":0,"47":0,"48":0,"49":0,"50":0,"51":0,"52":0,"53":0,"54":0,"55":0,"56":0,"57":0,"58":0,"59":0,"60":0,"61":0,"62":0,"63":0,"64":0,"65":0,"66":0,"67":0,"68":0,"69":0,"70":0,"71":0,"72":0,"73":0,"74":0,"75":0,"76":0,"77":0,"78":0,"79":0,"80":0,"81":0,"82":0,"83":0,"84":0,"85":0,"86":0,"87":0,"88":0,"89":0,"90":0,"91":0,"92":0,"93":0},"f":{"0":1,"1":1,"2":3,"3":1,"4":0,"5":0,"6":1,"7":0,"8":0,"9":0,"10":0,"11":0,"12":0,"13":0,"14":0,"15":0},"b":{"0":[1],"1":[1],"2":[0,0],"3":[0,0],"4":[0,0],"5":[0,0]},"_coverageSchema":"1a1c01bbd47fc00a2c39e90264f33305004495a9","hash":"86b3bea7ffa2ae7447a21b8424ee37c5297610eb"}
}
